<?xml version="1.0" encoding="UTF-8"?>
<!-- Generated by org.testng.reporters.JUnitXMLReporter -->
<testsuite hostname="bdc7-l-9G7VFC2" name="Test" tests="8" failures="1" timestamp="11 Dec 2019 06:32:44 GMT" time="0.085" errors="0">
  <testcase name="Login1" time="0.022" classname="com.tests.TestClass001"/>
  <testcase name="Login2" time="0.0" classname="com.tests.TestClass001">
    <failure type="java.lang.AssertionError" message="expected [true] but found [false]">
      <![CDATA[java.lang.AssertionError: expected [true] but found [false]
	at com.tests.TestClass001.Login2(TestClass001.java:19)
... Removed 31 stack frames]]>
    </failure>
  </testcase> <!-- Login2 -->
  <testcase name="Login3" time="0.0" classname="com.tests.TestClass001">
    <skipped/>
  </testcase> <!-- Login3 -->
  <testcase name="method1" time="0.0" classname="com.tests.TestClass001"/>
  <testcase name="method2" time="0.0" classname="com.tests.TestClass001"/>
  <testcase name="method3" time="0.0" classname="com.tests.TestClass001"/>
  <testcase name="method4" time="0.0" classname="com.tests.TestClass001"/>
  <testcase name="method5" time="0.0" classname="com.tests.TestClass001"/>
</testsuite> <!-- Test -->
